<?xml version="1.0" encoding="UTF-8"?>
<coverage generated="1667248718202" clover="3.2.0">
  <project timestamp="1667248718202" name="All files">
    <metrics statements="17" coveredstatements="16" conditionals="3" coveredconditionals="3" methods="6" coveredmethods="6" elements="26" coveredelements="25" complexity="0" loc="17" ncloc="17" packages="1" files="2" classes="2"/>
    <file name="serializeDecimals.ts" path="C:\CODE\private\GeneralMUD\src\server\utils\serializeDecimals.ts">
      <metrics statements="8" coveredstatements="8" conditionals="2" coveredconditionals="2" methods="4" coveredmethods="4"/>
      <line num="1" count="1" type="stmt"/>
      <line num="2" count="1" type="stmt"/>
      <line num="7" count="7" type="stmt"/>
      <line num="13" count="7" type="stmt"/>
      <line num="17" count="1" type="stmt"/>
      <line num="18" count="1" type="stmt"/>
      <line num="21" count="1" type="stmt"/>
      <line num="22" count="1" type="stmt"/>
    </file>
    <file name="walk.ts" path="C:\CODE\private\GeneralMUD\src\server\utils\walk.ts">
      <metrics statements="9" coveredstatements="8" conditionals="1" coveredconditionals="1" methods="2" coveredmethods="2"/>
      <line num="1" count="1" type="stmt"/>
      <line num="7" count="1" type="cond" truecount="1" falsecount="0"/>
      <line num="9" count="4" type="stmt"/>
      <line num="10" count="10" type="stmt"/>
      <line num="11" count="10" type="stmt"/>
      <line num="15" count="0" type="stmt"/>
      <line num="18" count="7" type="stmt"/>
      <line num="22" count="14" type="stmt"/>
      <line num="23" count="14" type="stmt"/>
    </file>
  </project>
</coverage>
