{"C:\\CODE\\private\\GeneralMUD\\src\\server\\utils\\serializeDecimals.ts": {"path":"C:\\CODE\\private\\GeneralMUD\\src\\server\\utils\\serializeDecimals.ts","statementMap":{"0":{"start":{"line":1,"column":0},"end":{"line":1,"column":null}},"1":{"start":{"line":2,"column":0},"end":{"line":2,"column":null}},"2":{"start":{"line":7,"column":8},"end":{"line":7,"column":null}},"3":{"start":{"line":13,"column":8},"end":{"line":13,"column":null}},"4":{"start":{"line":18,"column":4},"end":{"line":18,"column":null}},"5":{"start":{"line":17,"column":0},"end":{"line":17,"column":16}},"6":{"start":{"line":22,"column":4},"end":{"line":22,"column":null}},"7":{"start":{"line":21,"column":0},"end":{"line":21,"column":16}}},"fnMap":{"0":{"name":"deserializeWalker","decl":{"start":{"line":5,"column":9},"end":{"line":5,"column":26}},"loc":{"start":{"line":5,"column":67},"end":{"line":9,"column":null}}},"1":{"name":"serializeWalker","decl":{"start":{"line":11,"column":9},"end":{"line":11,"column":24}},"loc":{"start":{"line":11,"column":65},"end":{"line":15,"column":null}}},"2":{"name":"deserializeDecimals","decl":{"start":{"line":17,"column":16},"end":{"line":17,"column":35}},"loc":{"start":{"line":17,"column":44},"end":{"line":19,"column":null}}},"3":{"name":"serializeDecimals","decl":{"start":{"line":21,"column":16},"end":{"line":21,"column":33}},"loc":{"start":{"line":21,"column":42},"end":{"line":23,"column":null}}}},"branchMap":{"0":{"loc":{"start":{"line":6,"column":8},"end":{"line":6,"column":63}},"type":"binary-expr","locations":[{"start":{"line":6,"column":8},"end":{"line":6,"column":31}},{"start":{"line":6,"column":35},"end":{"line":6,"column":63}}]}},"s":{"0":1,"1":1,"2":7,"3":7,"4":1,"5":1,"6":1,"7":1},"f":{"0":12,"1":12,"2":1,"3":1},"b":{"0":[12,7]}}
,"C:\\CODE\\private\\GeneralMUD\\src\\server\\utils\\walk.ts": {"path":"C:\\CODE\\private\\GeneralMUD\\src\\server\\utils\\walk.ts","statementMap":{"0":{"start":{"line":1,"column":0},"end":{"line":1,"column":null}},"1":{"start":{"line":9,"column":8},"end":{"line":12,"column":null}},"2":{"start":{"line":10,"column":12},"end":{"line":10,"column":null}},"3":{"start":{"line":11,"column":12},"end":{"line":11,"column":null}},"4":{"start":{"line":15,"column":8},"end":{"line":15,"column":null}},"5":{"start":{"line":18,"column":8},"end":{"line":18,"column":null}},"6":{"start":{"line":22,"column":12},"end":{"line":22,"column":null}},"7":{"start":{"line":23,"column":12},"end":{"line":23,"column":null}},"8":{"start":{"line":7,"column":0},"end":{"line":7,"column":16}}},"fnMap":{"0":{"name":"walk","decl":{"start":{"line":7,"column":16},"end":{"line":7,"column":20}},"loc":{"start":{"line":7,"column":70},"end":{"line":26,"column":null}}},"1":{"name":"(anonymous_2)","decl":{"start":{"line":9,"column":20},"end":{"line":9,"column":21}},"loc":{"start":{"line":9,"column":33},"end":{"line":12,"column":9}}}},"branchMap":{"0":{"loc":{"start":{"line":7,"column":47},"end":{"line":7,"column":70}},"type":"default-arg","locations":[{"start":{"line":7,"column":68},"end":{"line":7,"column":70}}]}},"s":{"0":1,"1":4,"2":10,"3":10,"4":0,"5":7,"6":14,"7":14,"8":1},"f":{"0":26,"1":10},"b":{"0":[2]}}
}
