TN:
SF:src\server\utils\serializeDecimals.ts
FN:5,deserializeWalker
FN:11,serializeWalker
FN:17,deserializeDecimals
FN:21,serializeDecimals
FNF:4
FNH:4
FNDA:12,deserializeWalker
FNDA:12,serializeWalker
FNDA:1,deserializeDecimals
FNDA:1,serializeDecimals
DA:1,1
DA:2,1
DA:7,7
DA:13,7
DA:17,1
DA:18,1
DA:21,1
DA:22,1
LF:8
LH:8
BRDA:6,0,0,12
BRDA:6,0,1,7
BRF:2
BRH:2
end_of_record
TN:
SF:src\server\utils\walk.ts
FN:7,walk
FN:9,(anonymous_2)
FNF:2
FNH:2
FNDA:26,walk
FNDA:10,(anonymous_2)
DA:1,1
DA:7,1
DA:9,4
DA:10,10
DA:11,10
DA:15,0
DA:18,7
DA:22,14
DA:23,14
LF:9
LH:8
BRDA:7,0,0,2
BRF:1
BRH:1
end_of_record
